<?xml version="1.0" encoding="UTF-8"?>
<testng-results skipped="0" failed="0" total="2" passed="2">
  <reporter-output>
  </reporter-output>
  <suite name="Default suite" duration-ms="24753" started-at="2020-12-19T07:50:57Z" finished-at="2020-12-19T07:51:21Z">
    <groups>
    </groups>
    <test name="Default test" duration-ms="24753" started-at="2020-12-19T07:50:57Z" finished-at="2020-12-19T07:51:21Z">
      <class name="scenarios.Flipkart">
        <test-method status="PASS" signature="launchAndNavigateToFlipkart()[pri:0, instance:scenarios.Flipkart@c038203]" name="launchAndNavigateToFlipkart" is-config="true" duration-ms="11188" started-at="2020-12-19T13:20:46Z" finished-at="2020-12-19T13:20:57Z">
          <reporter-output>
          </reporter-output>
        </test-method> <!-- launchAndNavigateToFlipkart -->
        <test-method status="PASS" signature="handleLoginPoup()[pri:0, instance:scenarios.Flipkart@c038203]" name="handleLoginPoup" duration-ms="14347" started-at="2020-12-19T13:20:57Z" finished-at="2020-12-19T13:21:11Z">
          <reporter-output>
          </reporter-output>
        </test-method> <!-- handleLoginPoup -->
        <test-method status="PASS" signature="fetchResults()[pri:1, instance:scenarios.Flipkart@c038203]" name="fetchResults" duration-ms="10308" started-at="2020-12-19T13:21:11Z" finished-at="2020-12-19T13:21:21Z">
          <reporter-output>
          </reporter-output>
        </test-method> <!-- fetchResults -->
      </class> <!-- scenarios.Flipkart -->
    </test> <!-- Default test -->
  </suite> <!-- Default suite -->
</testng-results>
